/home/jon/.rbenv/versions/2.1.2/bin/ruby extconf.rb 
checking for ffi_call() in -lffi... yes
checking for ffi_prep_closure()... yes
checking for ffi_raw_call()... yes
checking for ffi_prep_raw_closure()... yes
checking for rb_thread_blocking_region()... yes
checking for rb_thread_call_with_gvl()... yes
checking for rb_thread_call_without_gvl()... yes
checking for ffi_prep_cif_var()... yes
creating extconf.h
creating Makefile

make "DESTDIR=" clean

make "DESTDIR="
compiling Types.c
compiling LastError.c
compiling StructLayout.c
compiling ArrayType.c
compiling DynamicLibrary.c
compiling Function.c
compiling MappedType.c
compiling Call.c
compiling DataConverter.c
compiling ffi.c
compiling Buffer.c
compiling Platform.c
compiling AbstractMemory.c
compiling StructByValue.c
compiling MemoryPointer.c
compiling ClosurePool.c
compiling FunctionInfo.c
compiling LongDouble.c
compiling Type.c
compiling MethodHandle.c
compiling Variadic.c
compiling StructByReference.c
compiling Pointer.c
compiling Struct.c
compiling Thread.c
linking shared-object ffi_c.so

make "DESTDIR=" install
/usr/bin/install -c -m 0755 ffi_c.so ./.gem.20141009-26120-1km1n9x
installing default ffi_c libraries
