/home/jon/.rbenv/versions/2.1.2/bin/ruby extconf.rb 
creating Makefile

make "DESTDIR=" clean

make "DESTDIR="
compiling yajl_buf.c
compiling yajl_ext.c
yajl_ext.c: In function ‘rb_yajl_parser_parse’:
yajl_ext.c:471:17: warning: variable ‘stat’ set but not used [-Wunused-but-set-variable]
     yajl_status stat;
                 ^
compiling yajl_lex.c
compiling yajl.c
compiling yajl_alloc.c
compiling yajl_version.c
compiling yajl_encode.c
compiling yajl_parser.c
compiling yajl_gen.c
linking shared-object yajl/yajl.so

make "DESTDIR=" install
/usr/bin/install -c -m 0755 yajl.so ./.gem.20141009-24710-cddnnz/yajl
installing default yajl libraries
