have_header: checking for termios.h... -------------------- yes

"gcc -o conftest -I/home/jon/.rbenv/versions/2.1.2/include/ruby-2.1.0/x86_64-linux -I/home/jon/.rbenv/versions/2.1.2/include/ruby-2.1.0/ruby/backward -I/home/jon/.rbenv/versions/2.1.2/include/ruby-2.1.0 -I. -I/home/jon/.rbenv/versions/2.1.2/include     -O3 -fno-fast-math -ggdb3 -Wall -Wextra -Wno-unused-parameter -Wno-parentheses -Wno-long-long -Wno-missing-field-initializers -Wunused-variable -Wpointer-arith -Wwrite-strings -Wdeclaration-after-statement -Wimplicit-function-declaration -DOS_LINUX conftest.c  -L. -L/home/jon/.rbenv/versions/2.1.2/lib -Wl,-R/home/jon/.rbenv/versions/2.1.2/lib -L. -L/home/jon/.rbenv/versions/2.1.2/lib  -fstack-protector -rdynamic -Wl,-export-dynamic     -Wl,-R -Wl,/home/jon/.rbenv/versions/2.1.2/lib -L/home/jon/.rbenv/versions/2.1.2/lib -lruby-static  -lpthread -lgmp -ldl -lcrypt -lm   -lc"
checked program was:
/* begin */
1: #include "ruby.h"
2: 
3: int main(int argc, char **argv)
4: {
5:   return 0;
6: }
/* end */

"gcc -E -I/home/jon/.rbenv/versions/2.1.2/include/ruby-2.1.0/x86_64-linux -I/home/jon/.rbenv/versions/2.1.2/include/ruby-2.1.0/ruby/backward -I/home/jon/.rbenv/versions/2.1.2/include/ruby-2.1.0 -I. -I/home/jon/.rbenv/versions/2.1.2/include     -O3 -fno-fast-math -ggdb3 -Wall -Wextra -Wno-unused-parameter -Wno-parentheses -Wno-long-long -Wno-missing-field-initializers -Wunused-variable -Wpointer-arith -Wwrite-strings -Wdeclaration-after-statement -Wimplicit-function-declaration -DOS_LINUX  conftest.c -o conftest.i"
checked program was:
/* begin */
1: #include "ruby.h"
2: 
3: #include <termios.h>
/* end */

--------------------

have_header: checking for unistd.h... -------------------- yes

"gcc -E -I/home/jon/.rbenv/versions/2.1.2/include/ruby-2.1.0/x86_64-linux -I/home/jon/.rbenv/versions/2.1.2/include/ruby-2.1.0/ruby/backward -I/home/jon/.rbenv/versions/2.1.2/include/ruby-2.1.0 -I. -I/home/jon/.rbenv/versions/2.1.2/include     -O3 -fno-fast-math -ggdb3 -Wall -Wextra -Wno-unused-parameter -Wno-parentheses -Wno-long-long -Wno-missing-field-initializers -Wunused-variable -Wpointer-arith -Wwrite-strings -Wdeclaration-after-statement -Wimplicit-function-declaration -DOS_LINUX  conftest.c -o conftest.i"
checked program was:
/* begin */
1: #include "ruby.h"
2: 
3: #include <unistd.h>
/* end */

--------------------

